C:\PROGRAM FILES\NAOSDK\NAOQI-SDK\DOC\DEV\CPP\EXAMPLES\CORE\SAYHELLOWORLD\BUILD-NAOTOOLCHAIN\CMAKEFILES\GENERATE.STAMP
C:\Program Files\NaoSDK\naoqi-sdk\doc\dev\cpp\examples\core\sayhelloworld\build-naotoolchain\Debug\sayhelloworld_d.exp
C:\Program Files\NaoSDK\naoqi-sdk\doc\dev\cpp\examples\core\sayhelloworld\build-naotoolchain\Debug\sayhelloworld_d.lib
C:\Program Files\NaoSDK\naoqi-sdk\doc\dev\cpp\examples\core\sayhelloworld\build-naotoolchain\sayhelloworld.dir\Debug\cl.command.1.tlog
C:\Program Files\NaoSDK\naoqi-sdk\doc\dev\cpp\examples\core\sayhelloworld\build-naotoolchain\sayhelloworld.dir\Debug\CL.read.1.tlog
C:\Program Files\NaoSDK\naoqi-sdk\doc\dev\cpp\examples\core\sayhelloworld\build-naotoolchain\sayhelloworld.dir\Debug\CL.write.1.tlog
C:\Program Files\NaoSDK\naoqi-sdk\doc\dev\cpp\examples\core\sayhelloworld\build-naotoolchain\sayhelloworld.dir\Debug\custombuild.command.1.tlog
C:\Program Files\NaoSDK\naoqi-sdk\doc\dev\cpp\examples\core\sayhelloworld\build-naotoolchain\sayhelloworld.dir\Debug\custombuild.read.1.tlog
C:\Program Files\NaoSDK\naoqi-sdk\doc\dev\cpp\examples\core\sayhelloworld\build-naotoolchain\sayhelloworld.dir\Debug\custombuild.write.1.tlog
C:\Program Files\NaoSDK\naoqi-sdk\doc\dev\cpp\examples\core\sayhelloworld\build-naotoolchain\sayhelloworld.dir\Debug\link.11160.read.1.tlog
C:\Program Files\NaoSDK\naoqi-sdk\doc\dev\cpp\examples\core\sayhelloworld\build-naotoolchain\sayhelloworld.dir\Debug\link.11160.write.1.tlog
C:\Program Files\NaoSDK\naoqi-sdk\doc\dev\cpp\examples\core\sayhelloworld\build-naotoolchain\sayhelloworld.dir\Debug\link.11160-cvtres.read.1.tlog
C:\Program Files\NaoSDK\naoqi-sdk\doc\dev\cpp\examples\core\sayhelloworld\build-naotoolchain\sayhelloworld.dir\Debug\link.11160-cvtres.write.1.tlog
C:\Program Files\NaoSDK\naoqi-sdk\doc\dev\cpp\examples\core\sayhelloworld\build-naotoolchain\sayhelloworld.dir\Debug\link.16112.read.1.tlog
C:\Program Files\NaoSDK\naoqi-sdk\doc\dev\cpp\examples\core\sayhelloworld\build-naotoolchain\sayhelloworld.dir\Debug\link.16112.write.1.tlog
C:\Program Files\NaoSDK\naoqi-sdk\doc\dev\cpp\examples\core\sayhelloworld\build-naotoolchain\sayhelloworld.dir\Debug\link.18692.read.1.tlog
C:\Program Files\NaoSDK\naoqi-sdk\doc\dev\cpp\examples\core\sayhelloworld\build-naotoolchain\sayhelloworld.dir\Debug\link.18692.write.1.tlog
C:\Program Files\NaoSDK\naoqi-sdk\doc\dev\cpp\examples\core\sayhelloworld\build-naotoolchain\sayhelloworld.dir\Debug\link.19348.read.1.tlog
C:\Program Files\NaoSDK\naoqi-sdk\doc\dev\cpp\examples\core\sayhelloworld\build-naotoolchain\sayhelloworld.dir\Debug\link.19348.write.1.tlog
C:\Program Files\NaoSDK\naoqi-sdk\doc\dev\cpp\examples\core\sayhelloworld\build-naotoolchain\sayhelloworld.dir\Debug\link.19348-cvtres.read.1.tlog
C:\Program Files\NaoSDK\naoqi-sdk\doc\dev\cpp\examples\core\sayhelloworld\build-naotoolchain\sayhelloworld.dir\Debug\link.19348-cvtres.write.1.tlog
C:\Program Files\NaoSDK\naoqi-sdk\doc\dev\cpp\examples\core\sayhelloworld\build-naotoolchain\sayhelloworld.dir\Debug\link.20456.read.1.tlog
C:\Program Files\NaoSDK\naoqi-sdk\doc\dev\cpp\examples\core\sayhelloworld\build-naotoolchain\sayhelloworld.dir\Debug\link.20456.write.1.tlog
C:\Program Files\NaoSDK\naoqi-sdk\doc\dev\cpp\examples\core\sayhelloworld\build-naotoolchain\sayhelloworld.dir\Debug\link.20456-cvtres.read.1.tlog
C:\Program Files\NaoSDK\naoqi-sdk\doc\dev\cpp\examples\core\sayhelloworld\build-naotoolchain\sayhelloworld.dir\Debug\link.20456-cvtres.write.1.tlog
C:\Program Files\NaoSDK\naoqi-sdk\doc\dev\cpp\examples\core\sayhelloworld\build-naotoolchain\sayhelloworld.dir\Debug\link.21052.read.1.tlog
C:\Program Files\NaoSDK\naoqi-sdk\doc\dev\cpp\examples\core\sayhelloworld\build-naotoolchain\sayhelloworld.dir\Debug\link.21052.write.1.tlog
C:\Program Files\NaoSDK\naoqi-sdk\doc\dev\cpp\examples\core\sayhelloworld\build-naotoolchain\sayhelloworld.dir\Debug\link.27736.read.1.tlog
C:\Program Files\NaoSDK\naoqi-sdk\doc\dev\cpp\examples\core\sayhelloworld\build-naotoolchain\sayhelloworld.dir\Debug\link.27736.write.1.tlog
C:\Program Files\NaoSDK\naoqi-sdk\doc\dev\cpp\examples\core\sayhelloworld\build-naotoolchain\sayhelloworld.dir\Debug\link.5348.read.1.tlog
C:\Program Files\NaoSDK\naoqi-sdk\doc\dev\cpp\examples\core\sayhelloworld\build-naotoolchain\sayhelloworld.dir\Debug\link.5348.write.1.tlog
C:\Program Files\NaoSDK\naoqi-sdk\doc\dev\cpp\examples\core\sayhelloworld\build-naotoolchain\sayhelloworld.dir\Debug\link.7044.read.1.tlog
C:\Program Files\NaoSDK\naoqi-sdk\doc\dev\cpp\examples\core\sayhelloworld\build-naotoolchain\sayhelloworld.dir\Debug\link.7044.write.1.tlog
C:\Program Files\NaoSDK\naoqi-sdk\doc\dev\cpp\examples\core\sayhelloworld\build-naotoolchain\sayhelloworld.dir\Debug\link.command.1.tlog
C:\Program Files\NaoSDK\naoqi-sdk\doc\dev\cpp\examples\core\sayhelloworld\build-naotoolchain\sayhelloworld.dir\Debug\link.read.1.tlog
C:\Program Files\NaoSDK\naoqi-sdk\doc\dev\cpp\examples\core\sayhelloworld\build-naotoolchain\sayhelloworld.dir\Debug\link.write.1.tlog
C:\Program Files\NaoSDK\naoqi-sdk\doc\dev\cpp\examples\core\sayhelloworld\build-naotoolchain\sayhelloworld.dir\Debug\link-cvtres.read.1.tlog
C:\Program Files\NaoSDK\naoqi-sdk\doc\dev\cpp\examples\core\sayhelloworld\build-naotoolchain\sayhelloworld.dir\Debug\link-cvtres.write.1.tlog
C:\Program Files\NaoSDK\naoqi-sdk\doc\dev\cpp\examples\core\sayhelloworld\build-naotoolchain\sayhelloworld.dir\Debug\mt.command.1.tlog
C:\Program Files\NaoSDK\naoqi-sdk\doc\dev\cpp\examples\core\sayhelloworld\build-naotoolchain\sayhelloworld.dir\Debug\mt.read.1.tlog
C:\Program Files\NaoSDK\naoqi-sdk\doc\dev\cpp\examples\core\sayhelloworld\build-naotoolchain\sayhelloworld.dir\Debug\mt.write.1.tlog
C:\Program Files\NaoSDK\naoqi-sdk\doc\dev\cpp\examples\core\sayhelloworld\build-naotoolchain\sayhelloworld.dir\Debug\rc.command.1.tlog
C:\Program Files\NaoSDK\naoqi-sdk\doc\dev\cpp\examples\core\sayhelloworld\build-naotoolchain\sayhelloworld.dir\Debug\rc.read.1.tlog
C:\Program Files\NaoSDK\naoqi-sdk\doc\dev\cpp\examples\core\sayhelloworld\build-naotoolchain\sayhelloworld.dir\Debug\rc.write.1.tlog
C:\PROGRAM FILES\NAOSDK\NAOQI-SDK\DOC\DEV\CPP\EXAMPLES\CORE\SAYHELLOWORLD\BUILD-NAOTOOLCHAIN\SAYHELLOWORLD.DIR\DEBUG\SAYHELLOWORLD.OBJ
C:\Program Files\NaoSDK\naoqi-sdk\doc\dev\cpp\examples\core\sayhelloworld\build-naotoolchain\sayhelloworld.dir\Debug\sayhelloworld.vcxprojResolveAssemblyReference.cache
C:\Program Files\NaoSDK\naoqi-sdk\doc\dev\cpp\examples\core\sayhelloworld\build-naotoolchain\sayhelloworld.dir\Debug\sayhelloworld.write.1.tlog
C:\PROGRAM FILES\NAOSDK\NAOQI-SDK\DOC\DEV\CPP\EXAMPLES\CORE\SAYHELLOWORLD\BUILD-NAOTOOLCHAIN\SAYHELLOWORLD.DIR\DEBUG\SAYHELLOWORLD_D.DLL.EMBED.MANIFEST
C:\PROGRAM FILES\NAOSDK\NAOQI-SDK\DOC\DEV\CPP\EXAMPLES\CORE\SAYHELLOWORLD\BUILD-NAOTOOLCHAIN\SAYHELLOWORLD.DIR\DEBUG\SAYHELLOWORLD_D.DLL.EMBED.MANIFEST.RES
C:\PROGRAM FILES\NAOSDK\NAOQI-SDK\DOC\DEV\CPP\EXAMPLES\CORE\SAYHELLOWORLD\BUILD-NAOTOOLCHAIN\SAYHELLOWORLD.DIR\DEBUG\SAYHELLOWORLD_D.DLL.INTERMEDIATE.MANIFEST
C:\Program Files\NaoSDK\naoqi-sdk\doc\dev\cpp\examples\core\sayhelloworld\build-naotoolchain\sayhelloworld.dir\Debug\sayhelloworld_d_manifest.rc
C:\PROGRAM FILES\NAOSDK\NAOQI-SDK\DOC\DEV\CPP\EXAMPLES\CORE\SAYHELLOWORLD\BUILD-NAOTOOLCHAIN\SAYHELLOWORLD.DIR\DEBUG\VC100.PDB
C:\PROGRAM FILES\NAOSDK\NAOQI-SDK\DOC\DEV\CPP\EXAMPLES\CORE\SAYHELLOWORLD\BUILD-NAOTOOLCHAIN\SDK\BIN\SAYHELLOWORLD_D.DLL
C:\PROGRAM FILES\NAOSDK\NAOQI-SDK\DOC\DEV\CPP\EXAMPLES\CORE\SAYHELLOWORLD\BUILD-NAOTOOLCHAIN\SDK\BIN\SAYHELLOWORLD_D.ILK
C:\PROGRAM FILES\NAOSDK\NAOQI-SDK\DOC\DEV\CPP\EXAMPLES\CORE\SAYHELLOWORLD\BUILD-NAOTOOLCHAIN\SDK\BIN\SAYHELLOWORLD_D.PDB
